<?xml version="1.0" encoding="UTF-8"?>
<!-- Generated by org.testng.reporters.JUnitXMLReporter -->
<testsuite hostname="DESKTOP-FJMJABJ" ignored="0" name="TestEmails" tests="4" failures="0" timestamp="2020-02-05T00:28:58 MSK" time="24.038" errors="0">
  <testcase name="sendMailTest" time="7.24" classname="by.academy.it.test.SendMailTest"/>
  <testcase name="sendMainNoSubjectNoBodyTest" time="4.698" classname="by.academy.it.test.SendMailTest"/>
  <testcase name="sendMailNoAddressTest" time="0.913" classname="by.academy.it.test.SendMailTest"/>
  <testcase name="DraftMailTest" time="4.779" classname="by.academy.it.test.SendMailTest"/>
</testsuite> <!-- TestEmails -->
