<?xml version="1.0" encoding="UTF-8"?>
<!-- Generated by org.testng.reporters.JUnitXMLReporter -->
<testsuite hostname="DESKTOP-FJMJABJ" ignored="0" name="TestEmails" tests="4" failures="0" timestamp="2020-02-05T00:29:48 MSK" time="22.729" errors="0">
  <testcase name="sendMailTest" time="6.023" classname="by.academy.it.test.SendMailTest"/>
  <testcase name="sendMainNoSubjectNoBodyTest" time="4.314" classname="by.academy.it.test.SendMailTest"/>
  <testcase name="sendMailNoAddressTest" time="0.95" classname="by.academy.it.test.SendMailTest"/>
  <testcase name="DraftMailTest" time="4.568" classname="by.academy.it.test.SendMailTest"/>
</testsuite> <!-- TestEmails -->
