<?xml version="1.0" encoding="UTF-8"?>
<testng-results skipped="0" failed="0" ignored="0" total="6" passed="6">
  <reporter-output>
  </reporter-output>
  <suite name="My Selenium Test Suite" duration-ms="42981" started-at="2020-02-01T17:16:28 MSK" finished-at="2020-02-01T17:17:11 MSK">
    <groups>
    </groups>
    <test name="TestLogin" duration-ms="18676" started-at="2020-02-01T17:16:28 MSK" finished-at="2020-02-01T17:16:47 MSK">
      <class name="Itacademy.Test.LoginTest">
        <test-method status="PASS" signature="loginToMailTest()[pri:1, instance:Itacademy.Test.LoginTest@3498ed]" name="loginToMailTest" duration-ms="15209" started-at="2020-02-01T17:16:28 MSK" finished-at="2020-02-01T17:16:44 MSK">
          <reporter-output>
          </reporter-output>
        </test-method> <!-- loginToMailTest -->
        <test-method status="PASS" signature="negativeLoginToMailTest()[pri:2, instance:Itacademy.Test.LoginTest@3498ed]" name="negativeLoginToMailTest" duration-ms="3432" started-at="2020-02-01T17:16:44 MSK" finished-at="2020-02-01T17:16:47 MSK">
          <reporter-output>
          </reporter-output>
        </test-method> <!-- negativeLoginToMailTest -->
      </class> <!-- Itacademy.Test.LoginTest -->
    </test> <!-- TestLogin -->
    <test name="TestEmails" duration-ms="24259" started-at="2020-02-01T17:16:47 MSK" finished-at="2020-02-01T17:17:11 MSK">
      <class name="Itacademy.Test.SendMailTest">
        <test-method status="PASS" signature="setup()[pri:0, instance:Itacademy.Test.SendMailTest@6fb554cc]" name="setup" is-config="true" duration-ms="10839" started-at="2020-02-01T17:16:17 MSK" finished-at="2020-02-01T17:16:28 MSK">
          <reporter-output>
          </reporter-output>
        </test-method> <!-- setup -->
        <test-method status="PASS" signature="beforeClass()[pri:0, instance:Itacademy.Test.SendMailTest@6fb554cc]" name="beforeClass" is-config="true" duration-ms="4376" started-at="2020-02-01T17:16:47 MSK" finished-at="2020-02-01T17:16:51 MSK">
          <reporter-output>
          </reporter-output>
        </test-method> <!-- beforeClass -->
        <test-method status="PASS" signature="sendMailTest()[pri:3, instance:Itacademy.Test.SendMailTest@6fb554cc]" name="sendMailTest" duration-ms="7793" started-at="2020-02-01T17:16:51 MSK" finished-at="2020-02-01T17:16:59 MSK">
          <reporter-output>
          </reporter-output>
        </test-method> <!-- sendMailTest -->
        <test-method status="PASS" signature="sendMainNoSubjectNoBodyTest()[pri:4, instance:Itacademy.Test.SendMailTest@6fb554cc]" name="sendMainNoSubjectNoBodyTest" duration-ms="4533" started-at="2020-02-01T17:16:59 MSK" finished-at="2020-02-01T17:17:04 MSK">
          <reporter-output>
          </reporter-output>
        </test-method> <!-- sendMainNoSubjectNoBodyTest -->
        <test-method status="PASS" signature="sendMailNoAddressTest()[pri:5, instance:Itacademy.Test.SendMailTest@6fb554cc]" name="sendMailNoAddressTest" duration-ms="995" started-at="2020-02-01T17:17:04 MSK" finished-at="2020-02-01T17:17:05 MSK">
          <reporter-output>
          </reporter-output>
        </test-method> <!-- sendMailNoAddressTest -->
        <test-method status="PASS" signature="DraftMailTest()[pri:6, instance:Itacademy.Test.SendMailTest@6fb554cc]" name="DraftMailTest" duration-ms="4304" started-at="2020-02-01T17:17:05 MSK" finished-at="2020-02-01T17:17:09 MSK">
          <reporter-output>
          </reporter-output>
        </test-method> <!-- DraftMailTest -->
        <test-method status="PASS" signature="afterClass()[pri:0, instance:Itacademy.Test.SendMailTest@6fb554cc]" name="afterClass" is-config="true" duration-ms="2245" started-at="2020-02-01T17:17:09 MSK" finished-at="2020-02-01T17:17:11 MSK">
          <reporter-output>
          </reporter-output>
        </test-method> <!-- afterClass -->
        <test-method status="PASS" signature="tearDown()[pri:0, instance:Itacademy.Test.SendMailTest@6fb554cc]" name="tearDown" is-config="true" duration-ms="885" started-at="2020-02-01T17:17:11 MSK" finished-at="2020-02-01T17:17:12 MSK">
          <reporter-output>
          </reporter-output>
        </test-method> <!-- tearDown -->
      </class> <!-- Itacademy.Test.SendMailTest -->
    </test> <!-- TestEmails -->
  </suite> <!-- My Selenium Test Suite -->
</testng-results>
