<?xml version="1.0" encoding="UTF-8"?>
<!-- Generated by org.testng.reporters.JUnitXMLReporter -->
<testsuite hostname="DESKTOP-FJMJABJ" ignored="0" name="TestEmails" tests="4" failures="0" timestamp="2020-02-04T23:23:14 MSK" time="25.222" errors="0">
  <testcase name="sendMailTest" time="7.163" classname="by.academy.it.test.SendMailTest"/>
  <testcase name="sendMainNoSubjectNoBodyTest" time="4.844" classname="by.academy.it.test.SendMailTest"/>
  <testcase name="sendMailNoAddressTest" time="0.87" classname="by.academy.it.test.SendMailTest"/>
  <testcase name="DraftMailTest" time="4.456" classname="by.academy.it.test.SendMailTest"/>
</testsuite> <!-- TestEmails -->
